<?xml version="1.0" encoding="UTF-8"?>
<!-- Generated by org.testng.reporters.JUnitReportReporter -->
<testsuite hostname="Sgm" failures="0" tests="2" name="mavendemo.TestNGExample" time="10.592" errors="0" timestamp="2024-05-06T00:20:27 IST" skipped="0">
  <testcase classname="mavendemo.TestNGExample" name="basicOfTestNG02" time="5.843"/>
  <testcase classname="mavendemo.TestNGExample" name="basicOfTestNG01" time="4.749"/>
</testsuite> <!-- mavendemo.TestNGExample -->
